Start testing: Jun 30 14:19 CEST
----------------------------------------------------------
1/2 Testing: test_cpu_reader
1/2 Test: test_cpu_reader
Command: "/home/mikolaj/projects/software/tietoevry/build/tests/t_cpu_reader"
Directory: /home/mikolaj/projects/software/tietoevry/build/tests
"test_cpu_reader" start time: Jun 30 14:19 CEST
Output:
----------------------------------------------------------
<end of output>
Test time =   0.00 sec
----------------------------------------------------------
Test Passed.
"test_cpu_reader" end time: Jun 30 14:19 CEST
"test_cpu_reader" time elapsed: 00:00:00
----------------------------------------------------------

2/2 Testing: test_logger
2/2 Test: test_logger
Command: "/home/mikolaj/projects/software/tietoevry/build/tests/t_logger"
Directory: /home/mikolaj/projects/software/tietoevry/build/tests
"test_logger" start time: Jun 30 14:19 CEST
Output:
----------------------------------------------------------
<end of output>
Test time =   0.01 sec
----------------------------------------------------------
Test Passed.
"test_logger" end time: Jun 30 14:19 CEST
"test_logger" time elapsed: 00:00:00
----------------------------------------------------------

End testing: Jun 30 14:19 CEST
