Start testing: Jun 29 10:48 CEST
----------------------------------------------------------
1/1 Testing: test_logger
1/1 Test: test_logger
Command: "/home/mikolaj/projects/software/tietoevry/build/tests/t_logger"
Directory: /home/mikolaj/projects/software/tietoevry/build/tests
"test_logger" start time: Jun 29 10:48 CEST
Output:
----------------------------------------------------------
log error: wrong file name
<end of output>
Test time =   0.00 sec
----------------------------------------------------------
Test Passed.
"test_logger" end time: Jun 29 10:48 CEST
"test_logger" time elapsed: 00:00:00
----------------------------------------------------------

End testing: Jun 29 10:48 CEST
